<?xml version="1.0" encoding="UTF-8"?>
<!-- Generated by org.testng.reporters.JUnitXMLReporter -->
<testsuite ignored="0" hostname="SAI" failures="0" tests="2" name="Default test" time="0.141" errors="0" timestamp="2022-07-09T16:53:44 IST">
  <testcase classname="facebook.VerifyLogInAndCreateAccount" name="@BeforeTest beforeTestUsedToLaunchBrowser" time="-1.657365823846E9">
    <failure type="org.testng.TestNGException" message="
Parameter &amp;apos;browserName&amp;apos; is required by BeforeTest on method beforeTestUsedToLaunchBrowser but has not been marked @Optional or defined
in C:\Users\AAI\AppData\Local\Temp\testng-eclipse--342490502\testng-customsuite.xml">
      <![CDATA[org.testng.TestNGException: 
Parameter 'browserName' is required by BeforeTest on method beforeTestUsedToLaunchBrowser but has not been marked @Optional or defined
in C:\Users\AAI\AppData\Local\Temp\testng-eclipse--342490502\testng-customsuite.xml
at org.testng.internal.Parameters.createParams(Parameters.java:270)
at org.testng.internal.Parameters.createParametersForMethod(Parameters.java:358)
at org.testng.internal.Parameters.createParameters(Parameters.java:700)
at org.testng.internal.Parameters.createConfigurationParameters(Parameters.java:168)
at org.testng.internal.ConfigInvoker.invokeConfigurations(ConfigInvoker.java:302)
at org.testng.TestRunner.invokeTestConfigurations(TestRunner.java:637)
at org.testng.TestRunner.beforeRun(TestRunner.java:627)
at org.testng.TestRunner.run(TestRunner.java:589)
at org.testng.SuiteRunner.runTest(SuiteRunner.java:377)
at org.testng.SuiteRunner.runSequentially(SuiteRunner.java:371)
at org.testng.SuiteRunner.privateRun(SuiteRunner.java:332)
at org.testng.SuiteRunner.run(SuiteRunner.java:276)
at org.testng.SuiteRunnerWorker.runSuite(SuiteRunnerWorker.java:53)
at org.testng.SuiteRunnerWorker.run(SuiteRunnerWorker.java:96)
at org.testng.TestNG.runSuitesSequentially(TestNG.java:1212)
at org.testng.TestNG.runSuitesLocally(TestNG.java:1134)
at org.testng.TestNG.runSuites(TestNG.java:1063)
at org.testng.TestNG.run(TestNG.java:1031)
at org.testng.remote.AbstractRemoteTestNG.run(AbstractRemoteTestNG.java:115)
at org.testng.remote.RemoteTestNG.initAndRun(RemoteTestNG.java:251)
at org.testng.remote.RemoteTestNG.main(RemoteTestNG.java:77)
]]>
    </failure>
  </testcase> <!-- @BeforeTest beforeTestUsedToLaunchBrowser -->
  <testcase classname="facebook.VerifyLogInAndCreateAccount" name="@BeforeClass launchBrowser" time="-1.657365823928E9">
    <skipped/>
  </testcase> <!-- @BeforeClass launchBrowser -->
  <testcase classname="facebook.VerifyLogInAndCreateAccount" name="@BeforeMethod beforeMethod" time="-1.657365823952E9">
    <skipped/>
  </testcase> <!-- @BeforeMethod beforeMethod -->
  <testcase classname="facebook.VerifyLogInAndCreateAccount" name="@AfterMethod afterMethod" time="-1.657365823962E9">
    <skipped/>
  </testcase> <!-- @AfterMethod afterMethod -->
  <testcase classname="facebook.VerifyLogInAndCreateAccount" name="@BeforeMethod beforeMethod" time="-1.657365823965E9">
    <skipped/>
  </testcase> <!-- @BeforeMethod beforeMethod -->
  <testcase classname="facebook.VerifyLogInAndCreateAccount" name="@AfterMethod afterMethod" time="-1.657365823972E9">
    <skipped/>
  </testcase> <!-- @AfterMethod afterMethod -->
  <testcase classname="facebook.VerifyLogInAndCreateAccount" name="@AfterClass afterClass" time="-1.657365823973E9">
    <skipped/>
  </testcase> <!-- @AfterClass afterClass -->
  <testcase classname="facebook.VerifyLogInAndCreateAccount" name="@AfterTest afterTestUsedToQuitBrowser" time="-1.657365823977E9">
    <skipped/>
  </testcase> <!-- @AfterTest afterTestUsedToQuitBrowser -->
  <testcase classname="facebook.VerifyLogInAndCreateAccount" name="changePageLanguageToMarathi" time="0.0">
    <skipped/>
  </testcase> <!-- changePageLanguageToMarathi -->
  <testcase classname="facebook.VerifyLogInAndCreateAccount" name="enterCredentialsAndHitLoginButton" time="0.0">
    <skipped/>
  </testcase> <!-- enterCredentialsAndHitLoginButton -->
</testsuite> <!-- Default test -->
