<?xml version="1.0" encoding="UTF-8"?>
<!-- Generated by org.testng.reporters.JUnitXMLReporter -->
<testsuite ignored="0" hostname="SAI" failures="0" tests="4" name="Firefox" time="170.579" errors="0" timestamp="2022-07-09T16:46:29 IST">
  <testcase classname="facebook.VerifyForgotPasswordAndMarathi" name="@BeforeTest beforeTestUsedToLaunchBrowser" time="158.211">
    <failure type="org.openqa.selenium.TimeoutException" message="Failed to read marionette port
Build info: version: &amp;apos;3.141.59&amp;apos;, revision: &amp;apos;e82be7d358&amp;apos;, time: &amp;apos;2018-11-14T08:17:03&amp;apos;
System info: host: &amp;apos;SAI&amp;apos;, ip: &amp;apos;192.168.1.2&amp;apos;, os.name: &amp;apos;Windows 8.1&amp;apos;, os.arch: &amp;apos;amd64&amp;apos;, os.version: &amp;apos;6.3&amp;apos;, java.version: &amp;apos;17.0.2&amp;apos;
Driver info: driver.version: FirefoxDriver
remote stacktrace: ">
      <![CDATA[org.openqa.selenium.TimeoutException: Failed to read marionette port
Build info: version: '3.141.59', revision: 'e82be7d358', time: '2018-11-14T08:17:03'
System info: host: 'SAI', ip: '192.168.1.2', os.name: 'Windows 8.1', os.arch: 'amd64', os.version: '6.3', java.version: '17.0.2'
Driver info: driver.version: FirefoxDriver
remote stacktrace: 
at org.openqa.selenium.remote.W3CHandshakeResponse.lambda$errorHandler$0(W3CHandshakeResponse.java:62)
at org.openqa.selenium.remote.HandshakeResponse.lambda$getResponseFunction$0(HandshakeResponse.java:30)
at org.openqa.selenium.remote.ProtocolHandshake.lambda$createSession$0(ProtocolHandshake.java:126)
at java.base/java.util.stream.ReferencePipeline$3$1.accept(ReferencePipeline.java:197)
at java.base/java.util.Spliterators$ArraySpliterator.tryAdvance(Spliterators.java:1002)
at java.base/java.util.stream.ReferencePipeline.forEachWithCancel(ReferencePipeline.java:129)
at java.base/java.util.stream.AbstractPipeline.copyIntoWithCancel(AbstractPipeline.java:527)
at java.base/java.util.stream.AbstractPipeline.copyInto(AbstractPipeline.java:513)
at java.base/java.util.stream.AbstractPipeline.wrapAndCopyInto(AbstractPipeline.java:499)
at java.base/java.util.stream.FindOps$FindOp.evaluateSequential(FindOps.java:150)
at java.base/java.util.stream.AbstractPipeline.evaluate(AbstractPipeline.java:234)
at java.base/java.util.stream.ReferencePipeline.findFirst(ReferencePipeline.java:647)
at org.openqa.selenium.remote.ProtocolHandshake.createSession(ProtocolHandshake.java:128)
at org.openqa.selenium.remote.ProtocolHandshake.createSession(ProtocolHandshake.java:74)
at org.openqa.selenium.remote.HttpCommandExecutor.execute(HttpCommandExecutor.java:136)
at org.openqa.selenium.remote.service.DriverCommandExecutor.execute(DriverCommandExecutor.java:83)
at org.openqa.selenium.remote.RemoteWebDriver.execute(RemoteWebDriver.java:552)
at org.openqa.selenium.remote.RemoteWebDriver.startSession(RemoteWebDriver.java:213)
at org.openqa.selenium.remote.RemoteWebDriver.<init>(RemoteWebDriver.java:131)
at org.openqa.selenium.firefox.FirefoxDriver.<init>(FirefoxDriver.java:147)
at org.openqa.selenium.firefox.FirefoxDriver.<init>(FirefoxDriver.java:125)
at Browsers.Base.OpenFirefoxBrowser(Base.java:20)
at facebook.VerifyForgotPasswordAndMarathi.beforeTestUsedToLaunchBrowser(VerifyForgotPasswordAndMarathi.java:47)
at java.base/java.util.concurrent.FutureTask.run(FutureTask.java:264)
at java.base/java.util.concurrent.ThreadPoolExecutor.runWorker(ThreadPoolExecutor.java:1136)
at java.base/java.util.concurrent.ThreadPoolExecutor$Worker.run(ThreadPoolExecutor.java:635)
at java.base/java.lang.Thread.run(Thread.java:833)
... Removed 20 stack frames]]>
    </failure>
  </testcase> <!-- @BeforeTest beforeTestUsedToLaunchBrowser -->
  <testcase classname="facebook.VerifyLogInAndCreateAccount" name="@BeforeTest beforeTestUsedToLaunchBrowser" time="-1.657365382821E9">
    <skipped/>
  </testcase> <!-- @BeforeTest beforeTestUsedToLaunchBrowser -->
  <testcase classname="facebook.VerifyLogInAndCreateAccount" name="@BeforeClass launchBrowser" time="-1.657365383672E9">
    <skipped/>
  </testcase> <!-- @BeforeClass launchBrowser -->
  <testcase classname="facebook.VerifyLogInAndCreateAccount" name="@BeforeMethod beforeMethod" time="-1.657365386561E9">
    <skipped/>
  </testcase> <!-- @BeforeMethod beforeMethod -->
  <testcase classname="facebook.VerifyLogInAndCreateAccount" name="@AfterMethod afterMethod" time="-1.657365386751E9">
    <skipped/>
  </testcase> <!-- @AfterMethod afterMethod -->
  <testcase classname="facebook.VerifyLogInAndCreateAccount" name="@BeforeMethod beforeMethod" time="-1.657365386956E9">
    <skipped/>
  </testcase> <!-- @BeforeMethod beforeMethod -->
  <testcase classname="facebook.VerifyLogInAndCreateAccount" name="@AfterMethod afterMethod" time="-1.657365387843E9">
    <skipped/>
  </testcase> <!-- @AfterMethod afterMethod -->
  <testcase classname="facebook.VerifyLogInAndCreateAccount" name="@AfterClass afterClass" time="-1.65736538786E9">
    <skipped/>
  </testcase> <!-- @AfterClass afterClass -->
  <testcase classname="facebook.VerifyForgotPasswordAndMarathi" name="@BeforeClass beforeClassUsedToWritecommonObjects" time="-1.657365387867E9">
    <skipped/>
  </testcase> <!-- @BeforeClass beforeClassUsedToWritecommonObjects -->
  <testcase classname="facebook.VerifyForgotPasswordAndMarathi" name="@BeforeMethod beforeMethod" time="-1.657365387941E9">
    <skipped/>
  </testcase> <!-- @BeforeMethod beforeMethod -->
  <testcase classname="facebook.VerifyForgotPasswordAndMarathi" name="@AfterMethod afterMethod" time="-1.657365387972E9">
    <skipped/>
  </testcase> <!-- @AfterMethod afterMethod -->
  <testcase classname="facebook.VerifyForgotPasswordAndMarathi" name="@BeforeMethod beforeMethod" time="-1.657365387983E9">
    <skipped/>
  </testcase> <!-- @BeforeMethod beforeMethod -->
  <testcase classname="facebook.VerifyForgotPasswordAndMarathi" name="@AfterMethod afterMethod" time="-1.657365388024E9">
    <skipped/>
  </testcase> <!-- @AfterMethod afterMethod -->
  <testcase classname="facebook.VerifyForgotPasswordAndMarathi" name="@AfterClass afterClass" time="-1.657365388036E9">
    <skipped/>
  </testcase> <!-- @AfterClass afterClass -->
  <testcase classname="facebook.VerifyForgotPasswordAndMarathi" name="@AfterTest afterTestUsedToQuitBrowser" time="-1.65736538806E9">
    <skipped/>
  </testcase> <!-- @AfterTest afterTestUsedToQuitBrowser -->
  <testcase classname="facebook.VerifyLogInAndCreateAccount" name="@AfterTest afterTestUsedToQuitBrowser" time="-1.65736538822E9">
    <skipped/>
  </testcase> <!-- @AfterTest afterTestUsedToQuitBrowser -->
  <testcase classname="facebook.VerifyLogInAndCreateAccount" name="changePageLanguageToMarathi" time="0.0">
    <skipped/>
  </testcase> <!-- changePageLanguageToMarathi -->
  <testcase classname="facebook.VerifyLogInAndCreateAccount" name="enterCredentialsAndHitLoginButton" time="0.129">
    <skipped/>
  </testcase> <!-- enterCredentialsAndHitLoginButton -->
  <testcase classname="facebook.VerifyForgotPasswordAndMarathi" name="clickOnForgotPasswordAndProceed" time="0.0">
    <skipped/>
  </testcase> <!-- clickOnForgotPasswordAndProceed -->
  <testcase classname="facebook.VerifyForgotPasswordAndMarathi" name="enterCredentialsAndCreateAccount" time="0.0">
    <skipped/>
  </testcase> <!-- enterCredentialsAndCreateAccount -->
</testsuite> <!-- Firefox -->
