<?xml version="1.0" encoding="UTF-8"?>
<testng-results ignored="0" total="4" passed="1" failed="3" skipped="0">
  <reporter-output>
  </reporter-output>
  <suite started-at="2022-07-10T00:19:03 IST" name="Suite" finished-at="2022-07-10T00:19:42 IST" duration-ms="39302">
    <groups>
    </groups>
    <test started-at="2022-07-10T00:19:03 IST" name="Chrome" finished-at="2022-07-10T00:19:42 IST" duration-ms="39302">
      <class name="facebook.VerifyForgotPasswordAndMarathi">
        <test-method is-config="true" signature="beforeTestUsedToLaunchBrowser(java.lang.String)[pri:0, instance:facebook.VerifyForgotPasswordAndMarathi@47af7f3d]" started-at="2022-07-10T00:19:03 IST" name="beforeTestUsedToLaunchBrowser" finished-at="2022-07-10T00:19:07 IST" duration-ms="3407" status="PASS">
          <params>
            <param index="0">
              <value>
                <![CDATA[Chrome]]>
              </value>
            </param>
          </params>
          <reporter-output>
          </reporter-output>
        </test-method> <!-- beforeTestUsedToLaunchBrowser -->
        <test-method is-config="true" signature="beforeClassUsedToWritecommonObjects()[pri:0, instance:facebook.VerifyForgotPasswordAndMarathi@47af7f3d]" started-at="2022-07-10T00:19:09 IST" name="beforeClassUsedToWritecommonObjects" finished-at="2022-07-10T00:19:09 IST" duration-ms="117" status="PASS">
          <reporter-output>
          </reporter-output>
        </test-method> <!-- beforeClassUsedToWritecommonObjects -->
        <test-method is-config="true" signature="beforeMethod()[pri:0, instance:facebook.VerifyForgotPasswordAndMarathi@47af7f3d]" started-at="2022-07-10T00:19:09 IST" name="beforeMethod" finished-at="2022-07-10T00:19:12 IST" duration-ms="2862" status="PASS">
          <reporter-output>
          </reporter-output>
        </test-method> <!-- beforeMethod -->
        <test-method signature="clickOnForgotPasswordAndProceed()[pri:1, instance:facebook.VerifyForgotPasswordAndMarathi@47af7f3d]" started-at="2022-07-10T00:19:12 IST" name="clickOnForgotPasswordAndProceed" finished-at="2022-07-10T00:19:16 IST" duration-ms="4149" status="PASS">
          <reporter-output>
          </reporter-output>
        </test-method> <!-- clickOnForgotPasswordAndProceed -->
        <test-method is-config="true" signature="afterMethod()[pri:0, instance:facebook.VerifyForgotPasswordAndMarathi@47af7f3d]" started-at="2022-07-10T00:19:16 IST" name="afterMethod" finished-at="2022-07-10T00:19:18 IST" duration-ms="2564" status="PASS">
          <reporter-output>
          </reporter-output>
        </test-method> <!-- afterMethod -->
        <test-method is-config="true" signature="beforeMethod()[pri:0, instance:facebook.VerifyForgotPasswordAndMarathi@47af7f3d]" started-at="2022-07-10T00:19:18 IST" name="beforeMethod" finished-at="2022-07-10T00:19:19 IST" duration-ms="606" status="PASS">
          <reporter-output>
          </reporter-output>
        </test-method> <!-- beforeMethod -->
        <test-method signature="enterCredentialsAndCreateAccount()[pri:2, instance:facebook.VerifyForgotPasswordAndMarathi@47af7f3d]" started-at="2022-07-10T00:19:19 IST" name="enterCredentialsAndCreateAccount" finished-at="2022-07-10T00:19:19 IST" duration-ms="201" status="FAIL">
          <exception class="java.lang.NullPointerException">
            <message>
              <![CDATA[Cannot invoke "pom.CreateNewAccount.createAnAccount()" because "this.createNewAccount" is null]]>
            </message>
            <full-stacktrace>
              <![CDATA[java.lang.NullPointerException: Cannot invoke "pom.CreateNewAccount.createAnAccount()" because "this.createNewAccount" is null
at facebook.VerifyForgotPasswordAndMarathi.enterCredentialsAndCreateAccount(VerifyForgotPasswordAndMarathi.java:92)
at java.base/jdk.internal.reflect.NativeMethodAccessorImpl.invoke0(Native Method)
at java.base/jdk.internal.reflect.NativeMethodAccessorImpl.invoke(NativeMethodAccessorImpl.java:77)
at java.base/jdk.internal.reflect.DelegatingMethodAccessorImpl.invoke(DelegatingMethodAccessorImpl.java:43)
at java.base/java.lang.reflect.Method.invoke(Method.java:568)
at org.testng.internal.MethodInvocationHelper.invokeMethod(MethodInvocationHelper.java:133)
at org.testng.internal.TestInvoker.invokeMethod(TestInvoker.java:598)
at org.testng.internal.TestInvoker.invokeTestMethod(TestInvoker.java:173)
at org.testng.internal.MethodRunner.runInSequence(MethodRunner.java:46)
at org.testng.internal.TestInvoker$MethodInvocationAgent.invoke(TestInvoker.java:824)
at org.testng.internal.TestInvoker.invokeTestMethods(TestInvoker.java:146)
at org.testng.internal.TestMethodWorker.invokeTestMethods(TestMethodWorker.java:146)
at org.testng.internal.TestMethodWorker.run(TestMethodWorker.java:128)
at java.base/java.util.concurrent.ThreadPoolExecutor.runWorker(ThreadPoolExecutor.java:1136)
at java.base/java.util.concurrent.ThreadPoolExecutor$Worker.run(ThreadPoolExecutor.java:635)
at java.base/java.lang.Thread.run(Thread.java:833)
]]>
            </full-stacktrace>
          </exception> <!-- java.lang.NullPointerException -->
          <reporter-output>
          </reporter-output>
        </test-method> <!-- enterCredentialsAndCreateAccount -->
        <test-method is-config="true" signature="afterMethod()[pri:0, instance:facebook.VerifyForgotPasswordAndMarathi@47af7f3d]" started-at="2022-07-10T00:19:19 IST" name="afterMethod" finished-at="2022-07-10T00:19:23 IST" duration-ms="4205" status="PASS">
          <reporter-output>
          </reporter-output>
        </test-method> <!-- afterMethod -->
        <test-method is-config="true" signature="afterClass()[pri:0, instance:facebook.VerifyForgotPasswordAndMarathi@47af7f3d]" started-at="2022-07-10T00:19:23 IST" name="afterClass" finished-at="2022-07-10T00:19:23 IST" duration-ms="0" status="PASS">
          <reporter-output>
          </reporter-output>
        </test-method> <!-- afterClass -->
        <test-method is-config="true" signature="afterTestUsedToQuitBrowser()[pri:0, instance:facebook.VerifyForgotPasswordAndMarathi@47af7f3d]" started-at="2022-07-10T00:19:35 IST" name="afterTestUsedToQuitBrowser" finished-at="2022-07-10T00:19:41 IST" duration-ms="6403" status="PASS">
          <reporter-output>
          </reporter-output>
        </test-method> <!-- afterTestUsedToQuitBrowser -->
      </class> <!-- facebook.VerifyForgotPasswordAndMarathi -->
      <class name="facebook.VerifyLogInAndCreateAccount">
        <test-method is-config="true" signature="beforeTestUsedToLaunchBrowser(java.lang.String)[pri:0, instance:facebook.VerifyLogInAndCreateAccount@4567f35d]" started-at="2022-07-10T00:19:07 IST" name="beforeTestUsedToLaunchBrowser" finished-at="2022-07-10T00:19:09 IST" duration-ms="2168" status="PASS">
          <params>
            <param index="0">
              <value>
                <![CDATA[Chrome]]>
              </value>
            </param>
          </params>
          <reporter-output>
          </reporter-output>
        </test-method> <!-- beforeTestUsedToLaunchBrowser -->
        <test-method is-config="true" signature="launchBrowser()[pri:0, instance:facebook.VerifyLogInAndCreateAccount@4567f35d]" started-at="2022-07-10T00:19:09 IST" name="launchBrowser" finished-at="2022-07-10T00:19:09 IST" duration-ms="100" status="PASS">
          <reporter-output>
          </reporter-output>
        </test-method> <!-- launchBrowser -->
        <test-method is-config="true" signature="beforeMethod()[pri:0, instance:facebook.VerifyLogInAndCreateAccount@4567f35d]" started-at="2022-07-10T00:19:09 IST" name="beforeMethod" finished-at="2022-07-10T00:19:14 IST" duration-ms="5176" status="PASS">
          <reporter-output>
          </reporter-output>
        </test-method> <!-- beforeMethod -->
        <test-method signature="changePageLanguageToMarathi()[pri:0, instance:facebook.VerifyLogInAndCreateAccount@4567f35d]" started-at="2022-07-10T00:19:14 IST" name="changePageLanguageToMarathi" finished-at="2022-07-10T00:19:16 IST" duration-ms="1837" status="FAIL">
          <exception class="java.lang.AssertionError">
            <message>
              <![CDATA[The following asserts failed:
Actual & accepted url are not matching expected [https://mr-in.faceok.com/] but found [https://mr-in.facebook.com/]]]>
            </message>
            <full-stacktrace>
              <![CDATA[java.lang.AssertionError: The following asserts failed:
Actual & accepted url are not matching expected [https://mr-in.faceok.com/] but found [https://mr-in.facebook.com/]
at org.testng.asserts.SoftAssert.assertAll(SoftAssert.java:47)
at org.testng.asserts.SoftAssert.assertAll(SoftAssert.java:31)
at facebook.VerifyLogInAndCreateAccount.changePageLanguageToMarathi(VerifyLogInAndCreateAccount.java:88)
at java.base/jdk.internal.reflect.NativeMethodAccessorImpl.invoke0(Native Method)
at java.base/jdk.internal.reflect.NativeMethodAccessorImpl.invoke(NativeMethodAccessorImpl.java:77)
at java.base/jdk.internal.reflect.DelegatingMethodAccessorImpl.invoke(DelegatingMethodAccessorImpl.java:43)
at java.base/java.lang.reflect.Method.invoke(Method.java:568)
at org.testng.internal.MethodInvocationHelper.invokeMethod(MethodInvocationHelper.java:133)
at org.testng.internal.TestInvoker.invokeMethod(TestInvoker.java:598)
at org.testng.internal.TestInvoker.invokeTestMethod(TestInvoker.java:173)
at org.testng.internal.MethodRunner.runInSequence(MethodRunner.java:46)
at org.testng.internal.TestInvoker$MethodInvocationAgent.invoke(TestInvoker.java:824)
at org.testng.internal.TestInvoker.invokeTestMethods(TestInvoker.java:146)
at org.testng.internal.TestMethodWorker.invokeTestMethods(TestMethodWorker.java:146)
at org.testng.internal.TestMethodWorker.run(TestMethodWorker.java:128)
at java.base/java.util.concurrent.ThreadPoolExecutor.runWorker(ThreadPoolExecutor.java:1136)
at java.base/java.util.concurrent.ThreadPoolExecutor$Worker.run(ThreadPoolExecutor.java:635)
at java.base/java.lang.Thread.run(Thread.java:833)
]]>
            </full-stacktrace>
          </exception> <!-- java.lang.AssertionError -->
          <reporter-output>
          </reporter-output>
        </test-method> <!-- changePageLanguageToMarathi -->
        <test-method is-config="true" signature="afterMethod(org.testng.ITestResult)[pri:0, instance:facebook.VerifyLogInAndCreateAccount@4567f35d]" started-at="2022-07-10T00:19:16 IST" name="afterMethod" finished-at="2022-07-10T00:19:22 IST" duration-ms="5728" status="PASS">
          <params>
            <param index="0">
              <value>
                <![CDATA[[TestResult name=changePageLanguageToMarathi status=FAILURE method=VerifyLogInAndCreateAccount.changePageLanguageToMarathi()[pri:0, instance:facebook.VerifyLogInAndCreateAccount@4567f35d] output={null}]]]>
              </value>
            </param>
          </params>
          <reporter-output>
          </reporter-output>
        </test-method> <!-- afterMethod -->
        <test-method is-config="true" signature="beforeMethod()[pri:0, instance:facebook.VerifyLogInAndCreateAccount@4567f35d]" started-at="2022-07-10T00:19:22 IST" name="beforeMethod" finished-at="2022-07-10T00:19:22 IST" duration-ms="515" status="PASS">
          <reporter-output>
          </reporter-output>
        </test-method> <!-- beforeMethod -->
        <test-method signature="enterCredentialsAndHitLoginButton()[pri:0, instance:facebook.VerifyLogInAndCreateAccount@4567f35d]" started-at="2022-07-10T00:19:22 IST" name="enterCredentialsAndHitLoginButton" finished-at="2022-07-10T00:19:32 IST" duration-ms="10178" status="FAIL">
          <exception class="org.openqa.selenium.NoSuchElementException">
            <message>
              <![CDATA[no such element: Unable to locate element: {"method":"xpath","selector":"//input[@placeholder='Password']"}
  (Session info: chrome=103.0.5060.114)
For documentation on this error, please visit: https://www.seleniumhq.org/exceptions/no_such_element.html
Build info: version: '3.141.59', revision: 'e82be7d358', time: '2018-11-14T08:17:03'
System info: host: 'SAI', ip: '192.168.1.2', os.name: 'Windows 8.1', os.arch: 'amd64', os.version: '6.3', java.version: '17.0.2'
Driver info: org.openqa.selenium.chrome.ChromeDriver
Capabilities {acceptInsecureCerts: false, browserName: chrome, browserVersion: 103.0.5060.114, chrome: {chromedriverVersion: 103.0.5060.53 (a1711811edd7..., userDataDir: C:\Users\AAI\AppData\Local\...}, goog:chromeOptions: {debuggerAddress: localhost:49944}, javascriptEnabled: true, networkConnectionEnabled: false, pageLoadStrategy: normal, platform: WINDOWS, platformName: WINDOWS, proxy: Proxy(), setWindowRect: true, strictFileInteractability: false, timeouts: {implicit: 0, pageLoad: 300000, script: 30000}, unhandledPromptBehavior: dismiss and notify, webauthn:extension:credBlob: true, webauthn:extension:largeBlob: true, webauthn:virtualAuthenticators: true}
Session ID: a588705fec2d92310c9f620f46b7b52a
*** Element info: {Using=xpath, value=//input[@placeholder='Password']}]]>
            </message>
            <full-stacktrace>
              <![CDATA[org.openqa.selenium.NoSuchElementException: no such element: Unable to locate element: {"method":"xpath","selector":"//input[@placeholder='Password']"}
  (Session info: chrome=103.0.5060.114)
For documentation on this error, please visit: https://www.seleniumhq.org/exceptions/no_such_element.html
Build info: version: '3.141.59', revision: 'e82be7d358', time: '2018-11-14T08:17:03'
System info: host: 'SAI', ip: '192.168.1.2', os.name: 'Windows 8.1', os.arch: 'amd64', os.version: '6.3', java.version: '17.0.2'
Driver info: org.openqa.selenium.chrome.ChromeDriver
Capabilities {acceptInsecureCerts: false, browserName: chrome, browserVersion: 103.0.5060.114, chrome: {chromedriverVersion: 103.0.5060.53 (a1711811edd7..., userDataDir: C:\Users\AAI\AppData\Local\...}, goog:chromeOptions: {debuggerAddress: localhost:49944}, javascriptEnabled: true, networkConnectionEnabled: false, pageLoadStrategy: normal, platform: WINDOWS, platformName: WINDOWS, proxy: Proxy(), setWindowRect: true, strictFileInteractability: false, timeouts: {implicit: 0, pageLoad: 300000, script: 30000}, unhandledPromptBehavior: dismiss and notify, webauthn:extension:credBlob: true, webauthn:extension:largeBlob: true, webauthn:virtualAuthenticators: true}
Session ID: a588705fec2d92310c9f620f46b7b52a
*** Element info: {Using=xpath, value=//input[@placeholder='Password']}
at java.base/jdk.internal.reflect.NativeConstructorAccessorImpl.newInstance0(Native Method)
at java.base/jdk.internal.reflect.NativeConstructorAccessorImpl.newInstance(NativeConstructorAccessorImpl.java:77)
at java.base/jdk.internal.reflect.DelegatingConstructorAccessorImpl.newInstance(DelegatingConstructorAccessorImpl.java:45)
at java.base/java.lang.reflect.Constructor.newInstanceWithCaller(Constructor.java:499)
at java.base/java.lang.reflect.Constructor.newInstance(Constructor.java:480)
at org.openqa.selenium.remote.http.W3CHttpResponseCodec.createException(W3CHttpResponseCodec.java:187)
at org.openqa.selenium.remote.http.W3CHttpResponseCodec.decode(W3CHttpResponseCodec.java:122)
at org.openqa.selenium.remote.http.W3CHttpResponseCodec.decode(W3CHttpResponseCodec.java:49)
at org.openqa.selenium.remote.HttpCommandExecutor.execute(HttpCommandExecutor.java:158)
at org.openqa.selenium.remote.service.DriverCommandExecutor.execute(DriverCommandExecutor.java:83)
at org.openqa.selenium.remote.RemoteWebDriver.execute(RemoteWebDriver.java:552)
at org.openqa.selenium.remote.RemoteWebDriver.findElement(RemoteWebDriver.java:323)
at org.openqa.selenium.remote.RemoteWebDriver.findElementByXPath(RemoteWebDriver.java:428)
at org.openqa.selenium.By$ByXPath.findElement(By.java:353)
at org.openqa.selenium.remote.RemoteWebDriver.findElement(RemoteWebDriver.java:315)
at org.openqa.selenium.support.pagefactory.DefaultElementLocator.findElement(DefaultElementLocator.java:69)
at org.openqa.selenium.support.pagefactory.internal.LocatingElementHandler.invoke(LocatingElementHandler.java:38)
at jdk.proxy2/jdk.proxy2.$Proxy17.sendKeys(Unknown Source)
at pom.LoginOrSignUp.loginToAccount(LoginOrSignUp.java:105)
at facebook.VerifyLogInAndCreateAccount.enterCredentialsAndHitLoginButton(VerifyLogInAndCreateAccount.java:72)
at java.base/jdk.internal.reflect.NativeMethodAccessorImpl.invoke0(Native Method)
at java.base/jdk.internal.reflect.NativeMethodAccessorImpl.invoke(NativeMethodAccessorImpl.java:77)
at java.base/jdk.internal.reflect.DelegatingMethodAccessorImpl.invoke(DelegatingMethodAccessorImpl.java:43)
at java.base/java.lang.reflect.Method.invoke(Method.java:568)
at org.testng.internal.MethodInvocationHelper.invokeMethod(MethodInvocationHelper.java:133)
at org.testng.internal.TestInvoker.invokeMethod(TestInvoker.java:598)
at org.testng.internal.TestInvoker.invokeTestMethod(TestInvoker.java:173)
at org.testng.internal.MethodRunner.runInSequence(MethodRunner.java:46)
at org.testng.internal.TestInvoker$MethodInvocationAgent.invoke(TestInvoker.java:824)
at org.testng.internal.TestInvoker.invokeTestMethods(TestInvoker.java:146)
at org.testng.internal.TestMethodWorker.invokeTestMethods(TestMethodWorker.java:146)
at org.testng.internal.TestMethodWorker.run(TestMethodWorker.java:128)
at java.base/java.util.concurrent.ThreadPoolExecutor.runWorker(ThreadPoolExecutor.java:1136)
at java.base/java.util.concurrent.ThreadPoolExecutor$Worker.run(ThreadPoolExecutor.java:635)
at java.base/java.lang.Thread.run(Thread.java:833)
]]>
            </full-stacktrace>
          </exception> <!-- org.openqa.selenium.NoSuchElementException -->
          <reporter-output>
          </reporter-output>
        </test-method> <!-- enterCredentialsAndHitLoginButton -->
        <test-method is-config="true" signature="afterMethod(org.testng.ITestResult)[pri:0, instance:facebook.VerifyLogInAndCreateAccount@4567f35d]" started-at="2022-07-10T00:19:32 IST" name="afterMethod" finished-at="2022-07-10T00:19:35 IST" duration-ms="2647" status="PASS">
          <params>
            <param index="0">
              <value>
                <![CDATA[[TestResult name=enterCredentialsAndHitLoginButton status=FAILURE method=VerifyLogInAndCreateAccount.enterCredentialsAndHitLoginButton()[pri:0, instance:facebook.VerifyLogInAndCreateAccount@4567f35d] output={null}]]]>
              </value>
            </param>
          </params>
          <reporter-output>
          </reporter-output>
        </test-method> <!-- afterMethod -->
        <test-method is-config="true" signature="afterClass()[pri:0, instance:facebook.VerifyLogInAndCreateAccount@4567f35d]" started-at="2022-07-10T00:19:35 IST" name="afterClass" finished-at="2022-07-10T00:19:35 IST" duration-ms="0" status="PASS">
          <reporter-output>
          </reporter-output>
        </test-method> <!-- afterClass -->
        <test-method is-config="true" signature="afterTestUsedToQuitBrowser()[pri:0, instance:facebook.VerifyLogInAndCreateAccount@4567f35d]" started-at="2022-07-10T00:19:41 IST" name="afterTestUsedToQuitBrowser" finished-at="2022-07-10T00:19:42 IST" duration-ms="1047" status="PASS">
          <reporter-output>
          </reporter-output>
        </test-method> <!-- afterTestUsedToQuitBrowser -->
      </class> <!-- facebook.VerifyLogInAndCreateAccount -->
    </test> <!-- Chrome -->
  </suite> <!-- Suite -->
</testng-results>
